<?xml version="1.0" encoding="utf-8"?><testsuites name="pytest tests"><testsuite name="pytest" errors="0" failures="2" skipped="0" tests="38" time="5.562" timestamp="2026-06-17T10:15:38.733806+00:00" hostname="agent-env-a1510298-5e9b-44bd-9442-06917c02bb5b"><testcase classname="backend.tests.test_zmstore_backend.TestPublicCatalog" name="test_categories_seeded" time="0.161" /><testcase classname="backend.tests.test_zmstore_backend.TestPublicCatalog" name="test_banners_seeded" time="0.044" /><testcase classname="backend.tests.test_zmstore_backend.TestPublicCatalog" name="test_products_seeded" time="0.046" /><testcase classname="backend.tests.test_zmstore_backend.TestPublicCatalog" name="test_products_filter_by_category" time="0.045" /><testcase classname="backend.tests.test_zmstore_backend.TestPublicCatalog" name="test_product_get_by_id_and_404" time="0.131" /><testcase classname="backend.tests.test_zmstore_backend.TestPublicCatalog" name="test_settings" time="0.052" /><testcase classname="backend.tests.test_zmstore_backend.TestEmailAuth" name="test_signup_returns_token" time="0.315" /><testcase classname="backend.tests.test_zmstore_backend.TestEmailAuth" name="test_signup_duplicate_email_400" time="0.352" /><testcase classname="backend.tests.test_zmstore_backend.TestEmailAuth" name="test_signin_success" time="0.266" /><testcase classname="backend.tests.test_zmstore_backend.TestEmailAuth" name="test_signin_wrong_password_401" time="0.264" /><testcase classname="backend.tests.test_zmstore_backend.TestEmailAuth" name="test_signin_unknown_user_401" time="0.042" /><testcase classname="backend.tests.test_zmstore_backend.TestEmailAuth" name="test_google_auth_invalid_session_401" time="0.273" /><testcase classname="backend.tests.test_zmstore_backend.TestEmailAuth" name="test_logout" time="0.358" /><testcase classname="backend.tests.test_zmstore_backend.TestMe" name="test_me_without_token_401" time="0.045" /><testcase classname="backend.tests.test_zmstore_backend.TestMe" name="test_me_with_token_200" time="0.044" /><testcase classname="backend.tests.test_zmstore_backend.TestMe" name="test_patch_me_name_updates" time="0.098" /><testcase classname="backend.tests.test_zmstore_backend.TestMe" name="test_patch_me_image_https" time="0.045" /><testcase classname="backend.tests.test_zmstore_backend.TestMe" name="test_patch_me_image_data_url" time="0.045" /><testcase classname="backend.tests.test_zmstore_backend.TestMe" name="test_patch_me_empty_name_400" time="0.044" /><testcase classname="backend.tests.test_zmstore_backend.TestMe" name="test_patch_me_invalid_image_400" time="0.041" /><testcase classname="backend.tests.test_zmstore_backend.TestAdminAuthZ" name="test_admin_email_gets_is_admin_true" time="0.309" /><testcase classname="backend.tests.test_zmstore_backend.TestAdminAuthZ" name="test_non_admin_forbidden_403" time="0.124"><failure message="AssertionError: /api/admin/products → 405&#10;assert 405 == 403&#10; +  where 405 = &lt;Response [405]&gt;.status_code">E   AssertionError: /api/admin/products → 405
    assert 405 == 403
     +  where 405 = &lt;Response [405]&gt;.status_code</failure></testcase><testcase classname="backend.tests.test_zmstore_backend.TestAdminAuthZ" name="test_admin_list_endpoints" time="0.129"><failure message="AssertionError: /api/admin/products → 405&#10;assert 405 == 200&#10; +  where 405 = &lt;Response [405]&gt;.status_code">E   AssertionError: /api/admin/products → 405
    assert 405 == 200
     +  where 405 = &lt;Response [405]&gt;.status_code</failure></testcase><testcase classname="backend.tests.test_zmstore_backend.TestAdminAuthZ" name="test_admin_settings_patch_and_restore" time="0.211" /><testcase classname="backend.tests.test_zmstore_backend.TestAdminCategoriesCRUD" name="test_create_update_delete" time="0.215" /><testcase classname="backend.tests.test_zmstore_backend.TestAdminCategoriesCRUD" name="test_create_requires_name" time="0.045" /><testcase classname="backend.tests.test_zmstore_backend.TestAdminBannersCRUD" name="test_create_update_delete" time="0.180" /><testcase classname="backend.tests.test_zmstore_backend.TestAdminProductsCRUD" name="test_create_update_delete" time="0.259" /><testcase classname="backend.tests.test_zmstore_backend.TestOrders" name="test_create_order_totals" time="0.170" /><testcase classname="backend.tests.test_zmstore_backend.TestOrders" name="test_create_order_unauthenticated_401" time="0.041" /><testcase classname="backend.tests.test_zmstore_backend.TestOrders" name="test_create_order_unknown_product_400" time="0.046" /><testcase classname="backend.tests.test_zmstore_backend.TestOrders" name="test_list_my_orders" time="0.042" /><testcase classname="backend.tests.test_zmstore_backend.TestOrders" name="test_get_my_order" time="0.046" /><testcase classname="backend.tests.test_zmstore_backend.TestOrders" name="test_other_user_cannot_get_order" time="0.349" /><testcase classname="backend.tests.test_zmstore_backend.TestOrders" name="test_admin_update_order_status" time="0.045" /><testcase classname="backend.tests.test_zmstore_backend.TestOrders" name="test_admin_pending_count" time="0.044" /><testcase classname="backend.tests.test_zmstore_backend.TestOrders" name="test_checkout_defaults_saved" time="0.041" /><testcase classname="backend.tests.test_zmstore_backend.TestDeleteAccount" name="test_delete_me" time="0.476" /></testsuite></testsuites>